2024-06-20 17:38:25.429 +05:30 [DBG] Hosting starting
2024-06-20 17:38:25.517 +05:30 [INF] Logging started
2024-06-20 17:38:25.520 +05:30 [INF] ========================
2024-06-20 17:38:25.521 +05:30 [INF] Skeleton Service started
2024-06-20 17:38:25.522 +05:30 [INF] ========================
2024-06-20 17:38:27.161 +05:30 [INF] Initializing service
2024-06-20 17:38:27.165 +05:30 [INF] Config: Key: Service:ServiceId, Value: SkeletonService
2024-06-20 17:38:27.167 +05:30 [INF] Config: Key: Service:RcsNode, Value: ATS_1.CTC_1
2024-06-20 17:38:27.169 +05:30 [INF] Config: Key: Connection:AMQUsername, Value: guest
2024-06-20 17:38:27.169 +05:30 [INF] Config: Key: Connection:AMQPort, Value: 5672
2024-06-20 17:38:27.183 +05:30 [INF] Config: Key: Connection:AMQPassword, Value: guest
2024-06-20 17:38:27.186 +05:30 [INF] Config: Key: Connection:AMQHost, Value: 127.0.0.1
2024-06-20 17:38:27.187 +05:30 [INF] Config: Key: Connection:AllowExtensiveMessageLogging, Value: false
2024-06-20 17:38:33.805 +05:30 [INF] Connecting: amqp://127.0.0.1:5672...
2024-06-20 17:38:59.370 +05:30 [ERR] Connection error: No connection could be made because the target machine actively refused it....
2024-06-20 17:38:59.372 +05:30 [ERR] Initialization failed, couldn't connect: E2KService.ActiveMQ.AMQP.AMQPConnection
2024-06-20 17:38:59.373 +05:30 [INF] Exiting service
2024-06-20 17:39:01.616 +05:30 [INF] Closing connection...
2024-06-20 17:39:01.620 +05:30 [INF] Connection closed
2024-06-20 17:39:01.622 +05:30 [INF] Service shut down
